  ▲ Next.js 14.2.35
  - Local:        http://localhost:3000
  - Network:      http://0.0.0.0:3000

 ✓ Starting...
 ✓ Ready in 79ms
 ⨯ The requested resource isn't a valid image for /rpicommunity/branding/rpic-logo.png received null
 ⨯ The requested resource isn't a valid image for /rpicommunity/branding/rpic-logo.png received null
 ⨯ The requested resource isn't a valid image for /rpicommunity/branding/rpic-logo.png received null
 ⨯ The requested resource isn't a valid image for /rpicommunity/branding/rpic-logo.png received null
 ⨯ The requested resource isn't a valid image for /rpicommunity/branding/rpic-logo.png received null
 ⨯ The requested resource isn't a valid image for /rpicommunity/branding/rpic-logo.png received null
 ⨯ The requested resource isn't a valid image for /rpicommunity/branding/rpic-logo.png received null
 ⨯ The requested resource isn't a valid image for /rpicommunity/branding/rpic-logo.png received null
 ⨯ The requested resource isn't a valid image for /rpicommunity/branding/rpic-logo.png received null
 ⨯ The requested resource isn't a valid image for /rpicommunity/branding/rpic-logo.png received null
 ⨯ The requested resource isn't a valid image for /rpicommunity/branding/rpic-logo.png received null
  ▲ Next.js 14.2.35
  - Local:        http://localhost:3000
  - Network:      http://0.0.0.0:3000

 ✓ Starting...
 ✓ Ready in 86ms
node:internal/modules/cjs/loader:1459
  throw err;
  ^

Error: Cannot find module 'C:\apps\rpic-community-app\.next\standalone\server.js'
    at Module._resolveFilename (node:internal/modules/cjs/loader:1456:15)
    at defaultResolveImpl (node:internal/modules/cjs/loader:1066:19)
    at resolveForCJSWithHooks (node:internal/modules/cjs/loader:1071:22)
    at Module._load (node:internal/modules/cjs/loader:1242:25)
    at wrapModuleLoad (node:internal/modules/cjs/loader:255:19)
    at Module.executeUserEntryPoint [as runMain] (node:internal/modules/run_main:154:5)
    at node:internal/main/run_main_module:33:47 {
  code: 'MODULE_NOT_FOUND',
  requireStack: []
}

Node.js v24.14.1
